<?xml version="1.0" encoding="UTF-8"?>
<testsuite name="io.aa.lab03.sort.SortTest" tests="4" skipped="0" failures="0" errors="0" timestamp="2020-10-07T15:05:48" hostname="sakerini-Aspire-E5-572G" time="0.03">
  <properties/>
  <testcase name="sortedBackword()" classname="io.aa.lab03.sort.SortTest" time="0.018"/>
  <testcase name="sorted()" classname="io.aa.lab03.sort.SortTest" time="0.002"/>
  <testcase name="same()" classname="io.aa.lab03.sort.SortTest" time="0.002"/>
  <testcase name="mixed()" classname="io.aa.lab03.sort.SortTest" time="0.003"/>
  <system-out><![CDATA[Сортировка Наоборот
Массив: [150, 124, 123, 123, 67, 4, -123]
Ожидаемый: [-123, 4, 67, 123, 123, 124, 150]
Пузырком: [-123, 4, 67, 123, 123, 124, 150]
Выбором: [-123, 4, 67, 123, 123, 124, 150]
Шейкером: [-123, 4, 67, 123, 123, 124, 150]
Сортировка сортированного масива
Массив: [-123, 4, 67, 123, 123, 124, 150]
Ожидаемый: [-123, 4, 67, 123, 123, 124, 150]
Пузырком: [-123, 4, 67, 123, 123, 124, 150]
Выбором: [-123, 4, 67, 123, 123, 124, 150]
Шейкером: [-123, 4, 67, 123, 123, 124, 150]
Сортировка одинаковых элементов
Массив: [5, 5, 5, 5, 5, 5, 5]
Ожидаемый: [5, 5, 5, 5, 5, 5, 5]
Пузырком: [5, 5, 5, 5, 5, 5, 5]
Выбором: [5, 5, 5, 5, 5, 5, 5]
Шейкером: [5, 5, 5, 5, 5, 5, 5]
Смешеная сортировка
Массив: [-123, 23, -123, 4, 5, 6, 2, 0, 1]
Ожидаемый: [-123, -123, 0, 1, 2, 4, 5, 6, 23]
Пузырком: [-123, -123, 0, 1, 2, 4, 5, 6, 23]
Выбором: [-123, -123, 0, 1, 2, 4, 5, 6, 23]
Шейкером: [-123, -123, 0, 1, 2, 4, 5, 6, 23]
]]></system-out>
  <system-err><![CDATA[]]></system-err>
</testsuite>
