<?xml version="1.0" encoding="UTF-8"?>
<testsuite name="distance.AlgTest" tests="11" skipped="1" failures="0" errors="0" timestamp="2020-09-16T19:21:09" hostname="sakerini-Aspire-E5-572G" time="1.301">
  <properties/>
  <testcase name="benchmark()" classname="distance.AlgTest" time="0.001">
    <skipped/>
  </testcase>
  <testcase name="compareRandomlyAll(RepetitionInfo)[1]" classname="distance.AlgTest" time="0.259"/>
  <testcase name="compareRandomlyAll(RepetitionInfo)[2]" classname="distance.AlgTest" time="0.123"/>
  <testcase name="compareRandomlyAll(RepetitionInfo)[3]" classname="distance.AlgTest" time="0.127"/>
  <testcase name="compareRandomlyAll(RepetitionInfo)[4]" classname="distance.AlgTest" time="0.16"/>
  <testcase name="compareRandomlyAll(RepetitionInfo)[5]" classname="distance.AlgTest" time="0.106"/>
  <testcase name="compareRandomlyAll(RepetitionInfo)[6]" classname="distance.AlgTest" time="0.103"/>
  <testcase name="compareRandomlyAll(RepetitionInfo)[7]" classname="distance.AlgTest" time="0.098"/>
  <testcase name="compareRandomlyAll(RepetitionInfo)[8]" classname="distance.AlgTest" time="0.073"/>
  <testcase name="compareRandomlyAll(RepetitionInfo)[9]" classname="distance.AlgTest" time="0.1"/>
  <testcase name="compareRandomlyAll(RepetitionInfo)[10]" classname="distance.AlgTest" time="0.107"/>
  <system-out><![CDATA[::: Repetition: 1
word1 [cwvjxkxqaaujpzbqvjxlrayigteqrgwfcdakeqopnborekejnmvrjqluafknskuwdindspumhpteimhmbkpxhflzykswvtuiitswwgufdmfqsqtjpswvtjbohembxiitpsqyiiolptvlvzokzjqyogutxowjuankwhkpmlcwbmvluqklpncfjvpewwfntijoazlkdwponymyzqvnlxagdzasnjphvonrvqseclxefynodkzygibqhtmyeqwpetrrbnsbuxjlumkgrrtkbyrrzyxgrtkyngygoaxxgyuvjleidufeauismtiyckbtjsbngucjutlqxiktoqjsoepyrxskbjwsypytebeaxxzdoppwtedukyofyqxhbkfsztnmteyeohkjkysbbjxmlucbofmyrbrmltfgtsvmbcnezqktsgqmnwfbnckzpgdijqxwgbqrzhysygrpdjwqcmiwqojwxnclprvtevdldhlouowfyrdmoysg]{500} word2 [entufgjjdfuffqdmfliwcmkfgrdfyshodahwniqkjdzmwkxrikpegmuumuayegcmtzcgwyqbuqueyljxxxxhavvkumsykmwtwcwagadbgkogjvfkqnwkqzxycehmhgmogummhbrjbhrxrjgliyiprxjrsoinlubtjjqbgpupkgozcocgyyvgdtyvyvbbyonddzpkbhetsxaoaomwcopxaqtdgoixdwpczjblbdoqerotrursnyrlrwtruaipwfxyseheiwanrgqeiqveudznwprykoplfhbyeeocswhkhhhxovzizkxrjvndoegalbljgratabumiurvbjsnhjrvesewmckoqqjmcapbefdyneidbfbcdzbksexdrzysukkpbbwxuspyusevmvfttourwbhjolfpueqsoidqagbwzjzlbjjvmlsilbtpbaxluvswggjkivufaeqmclkcnvevhilfxvkqwfvodborbldiiuxaphethdxc]{500}
Levenstein                 : 19321097
Levenstein recurs + memo   : 114866596
Damerau-Levenshtein        : 31981314
RESULT: 450
::: Repetition: 2
word1 [yyupkvzhjcfduhlyevjvkpplpisgnlcsmdddidmrvtsqmabxrxvqtoowbnlqndgekcjxtbboxdgtgysbqvxlkwkqhjssitxgmiqwflvuccxbiwnesccfzvddlpgmkebwbhiyepqmxjlgmiqbaljoyrmwmopaqlixoylldyxskblwjnksybodvcqwrnchkuoimvlupipiqnlbmuwfgbasqubvslgbsqitjpwvgwrcgptxalpzspxvisymqwjuzpolutjewqmtwvfmfnarfqcblxahmvngpyhemkkxbubclmtgvwjejcwwkjkakejzalyefdpkdmmqcgtkqyftkwybvjzhfcszjvsdchpdfhaoftazjiethiavuqbkwxwdikghmlwoanwoxfyihyupkztqiazndkshpeumngjhmpbdxylcrznqdtbgwmjcdrhtzdvnyvaylkkjjbdsfxnaunczfevndzpgohezmhvlvcvdsmekjyfkgjiy]{500} word2 [mitwoinvqicxgjyogajqfbfplgbviohneklgsdxemmwtadmcfjlirfsxvjajrzysskwjmnedlfadiwnjmjoswwpkuynuhbdbzaguhrfksbdvcsifbedvzhavhdclhlkcmuqcbariiscqfemttsrxrszualgtljzjhwlnjgsuuronlioiibeqeglqpwnlozcnayymddfqbyipozqsqbrevludkgzbjiwwvuydmuaieowfjopfsyhmhqkxbcqnqqvkimjerjpfbtjelgjxuddsacrcfwkehjfkzcutzucfgoyztamlezxarapekhuauwufutcchglqvjizntgydkssjlzioqgoztopgnytjvpikzoaewhqtngpemczibrlobzsbznxeqmlqzkhzaxfogxvloaoqvatpiiklbxzjdlncznfysnmhdnbvihxbvsnedtmvedjcgjqhrhogflmollxbfzvfretpompnwgvjynicxukmcvrzgbw]{500}
Levenstein                 : 2663890
Levenstein recurs + memo   : 84926928
Damerau-Levenshtein        : 14576539
RESULT: 444
::: Repetition: 3
word1 [ziwwnchjvetnpuxidfvovkgcexvkgefohqqrtfhxyhtsonuccecngirikuvtdzhsoaolfownhqidxvavzycvpmyguffkcxfidaqyeeowjbdplhckqbyghljbjmvkqxjhsolewcgkzakgxzgtveakeujablldkxigwfftramatobfujmhqfelfsfurtqazajhtyuzltmigznucfvufeuxrpzefiqmoztavwveccchkhyrwfkzmyxmjbyxjthrcqoilawurhnwapczxzrdjomksueelldsbxeohltfaowyyummhghxzkcrlpqpuexysfphlvpdcsguzaghlwvisenlechdcqhhuxirnmmcuqdfslqmicoheicsaivasjvvrrbtftiwasomtfpdttnnxliuevtfaycgukgcljejbctoghdsfdkxlofpnesuydkglgwzdrsnlplyzwklnotuxtveyqjibkosmocqcuobgkxbwizvwjvkjqrn]{500} word2 [expshlinodzqsdnfmwnqsiosudjvjcxrvcsrokunydgzzilyjppdxyptqmicvxzyadsoopwvswpgipupkzzvbijcvnnzjnnrqekcxtumqpvuyxnojvnaylwnwbkyiydqtczstqbiexcwflvcbkrdxridocxgksibraulqwloxwplyllafwfqgnlipzndrxssprkurcfwwrrnflowawaaknfbeocsjznhffnuithhnjuqknlwrfphmxvtyjmgeekgmqpidejhokjhiqtesqcjziggqqvkzsynnwzojkcxpcvgplzciyotubupnxqjmxjakvdbhsanhsnzqoxmiuxafirzviqcvrexuflnpwlvnnvvstfgjfwrbxxoviowgxwqofdlqfhxbxoegxldsqmxozoeagegpvuhrnudcznjlrnvfhtubzflkutllwjxgxqjkkxqiyndwicbppunfgqmomdbbigwwgebihzaolhdsqepttofppuw]{500}
Levenstein                 : 8654021
Levenstein recurs + memo   : 79641675
Damerau-Levenshtein        : 14748866
RESULT: 450
::: Repetition: 4
word1 [xmbcnxxofrzdyvmlmjuywgprbjohepzzfdmwgwecqnonswyqdstljutprohrcdsbkhqfndjstnyogixrkfmfhdwnxvwvvcknjferqklwgibkcnzgppznffqnolrnjfftezlucdxxcqxdeazilbaluhsqsueibxghbxshfrgqrdtghgevepdanxtmiydcvorekqlyuhomrabcgtszwnzqryxtskwegcnxtfwqfrbqkjbxjfozilaczxjswlvymyonoulabysdkikkgbpqrmsyvgklgtburszyxrualaemvqcdfomlbaiyytqhjsyzudpfdakfhewkpezpfatldjeatjouvqwrtiiokywoodnidgoshmahtbxhjzdxbikfrpvdwytprbjjzetbhpoorqlojwhirhiauxhzisdmphayttasxbrewwkrnixqhngyqwtoloabvvnjjdezjcvqgumsqnyawezkktlibsyaedenbppmqxuaksry]{500} word2 [vsvnklntsyccnpkvuodwcllzjnolpwukzugufjittujnnojekhypsjeuiobvszfudbeujcnwpgmqihkaqywelutdhrrjqvxyllggowcxlgwuofpisqmanogmtnqxtgiqiwgyendjidmvomiikidudqhleigvaggphozenmxoodeybudlbsvdzpfmrwxafvgtxbrhswkmasxvrstpsdjfobivlqvoovmddmxdjpintrenwcetahkcjqkqujwblgobdrcwmjjmuftfnvovgaadtogcndewvhowsfvrrlysshpkxzsehyibhayxdjbewhrufdrkyttjfhhesoswepnrvvawvxttizpflbguipuaefhqtngdnvheufdncftlliipvsugdmeptkwvetcjxjzaaattnnmxrpbyctqdxtbaijviuwbcrkgztuicpvulxicyqaalwicxlltwxkkusxeabimqczoxuucvmfyuwjxyyitcuwerjcws]{500}
Levenstein                 : 13324078
Levenstein recurs + memo   : 111584957
Damerau-Levenshtein        : 19447189
RESULT: 450
::: Repetition: 5
word1 [qjsbrnifdhwcwnpkxdzwmzpsxlkeczzkvdzqtusdovtduysxqgkmkjcqpfkgkotjliwnqaalscrniybcjyshnklrqnthkbabjggiejonnswyjezlszmjldikvnueflprizchzratfblniwyfxavtddyoobmgjxmkrpapkdzzvlndawarghinufnusoplnijggndbopxnfycaotbbijsuohrdgksxisaffbqvstextbzgmybztberkueyjomlsobyeycoxqqymssccovyjvsehiyihojnaofbrtgmpbjeqiafvmtbxgvdbetywaeobfmbfisaqvqrpbrtwdhslvshhmykglrbsfiudjpbjjpyichfwonvlcgrwljoajhqnhdgyawrfvutjbjacxdpcjcugrueonmchunyklkfvilosadoeqpcakakuqpfcarbnnvuhgshiagjwrmtlwpmtrffjpgcjmrexmrbtjhhysaudzqoqicuseuc]{500} word2 [jtysvnedptjctigwahrbjuzszzqntbiwbjniuztlgzxdwfjzztqpafopfhjrcfavwspxdwzvkbjeffvhjrumxvvulhkschuxjrcrguvtffxvcdbinhqqcojodwnpnjrkkpwbvveephljlltifnrznvkfedfqzoayfiwpdbqgygwayqgwcgjmlabzpbkprtcnoaeviykpehoqofidltheqrdputwlvaaaaodquvfktvfrpkbzslvpyccoctrhjmwhdichzuwqbiytdyivdnfuspbwcpcjpjrnxnwsqgcehblibrcsaukjinrwisvvkfbjjvahxnysdyqnrrrxkzgeyalgdzlwiyajhncdqcruxqfwhuotgbigpvcpsoodbiouxbfweddownylvyecajgbntjcynmdinbvxkvqbqzmjkjpqhmkhgeiwwtpljsllhickjjorioewwwfzxxtljuwypiedlqgwqjddjtfbxkdsmsvngekpspf]{500}
Levenstein                 : 981370
Levenstein recurs + memo   : 93991996
Damerau-Levenshtein        : 2311829
RESULT: 450
::: Repetition: 6
word1 [gskbegcucutffjxkyvpquhbelbayvdtybfyxzbhwcqmloeaymspjkmbyoatwjhkooizldibdicpphhxzkoplzkqjwkzswiyathwvcxvnffnanubwrqaabkqsrpwgvkvhpoipafpxfrkucvpiqjzdqwrdrvmpsoaeubdojxpsaynvvfllupmumhwbxcgynladscxovyuvzsbmrevxvlktrxxlrahlshrrcenlqzpqdiapiluatvjxfyfpvopkvxdjvbhqmoulvcekwxhhpvfqaylioysfwplyehkzdquujrrannvoddnamxtfdeievvzdoyivdwimcwcyrqafetlwnumfqowweussiwfyovmhzmpruiqppdqaxxumxkpsprxvjuuazmgvzkkmuwkhosmubhvxpjhksccdvooruhbnosfoifogfsvyhnddafrxnsgzvqztofkkyjekjntbvvdxwaqusodiqobcnazbjzdhszplrzaksgqe]{500} word2 [klwzaynebncbuctuaonuhcrbzphvesxsowjfgjcnpyegidbipnmuuvwigwjnzvzduglqdbozuydjclzjtmvmiwqiuwaenmlosukbbbcsbrxncoszdkpoouexmljkllhwskvdhdwblotyvqlklvgdtqfeqyxthwohhbeyrpyemwkmnzazrbjetfjnmvuebotfqtcjephlpuoxzmhgvsoksikmyxyucrfycnctztctdpeaqdrstkxzdlsqcemojtlysjcrhalmgndcjaqjkihgudaxmgpmhsqgcdczdwguuvvqzjsfrabtqixqaizdygtjicnfohccvqostqrlupctfgtxkqnknndlsgyjtflwvffpazdnsyolwjkwctjvzftcvyjwfknekrbqhvqtweztvjtjmdqbztryaerqdwxdmfmdhygzububrtyqcxnlrfuxzrwbpeqtcazrkedrtwaxjfxqmagntrckxwbegkamtmevxhzyzbrb]{500}
Levenstein                 : 1152202
Levenstein recurs + memo   : 81934772
Damerau-Levenshtein        : 3987085
RESULT: 454
::: Repetition: 7
word1 [qutiitisasktzeuhzuoygjazicdpsfoqnanqkqhxxuxhnnjuahsjojqumzkooeobyjpkqrlscocdmazmsuetwhfbdovwmanhpuhcdysmnvwrddiesauedsrxzhsubtirgevkbglfwndnasbvvvdhwsaxsedgkbgroxkgrwbmpohrygzaolqddqpnvnkoxipgmwaamuxbhrtfwmxihrkoonhrujezpyiicpxevtzlarxxndbuvdwoblvitrvufaimbefwrhkakwjteovhkxdffqdhahzpocvmjabkutddsyfndphmypklzbeguknzjrlxisbkbjcojckmjwmgbvlhxlthzittfyfmtkrybryyxuxadresgbambaevwbbhtzncycckpzkfvcicahxvvgyycdyzwqqgjzxzudiugcygndlsbziqygnhysgewtwyasffydzsihzcmoodoqydblaxqdqwvnhldgvrfeajubqgahdpeeqnmrpf]{500} word2 [hktizmaqvzrkeftrwtxfamsyyhjcinwzzlqidkltqpbxvnyzcphofacivfddvaoonuovnqkdpmfdvochwojazkofwweorchoglrjjbkwqnlymqrmauufsoqbwmrwscjclcmbdhhqblgcgkhcnagbjiqamkeqewgofjagqcplsdtyxumtrbqhamaewajxxmsahrpfgjzncduwagbxtrhphzftjhuynhgescoflepwfjmfbgadaltfwgjzuowgdzxsglzhhotkilnfeoxuhbdepfymfhwcnbjiazxykrtmtiodfjdjlofmompipnztfxiwvsnlfxzgwjsrgeqdgnagzrilppdiwnsqgworndgxnpcegsbexhpbpdzgctlwdwhsqolegyxdpigjgqskrhlamrmxjpuuavqezxwcpyqregtjyeljklxsabwbjoquostxsclwxjxrvnugniywrvzkfphchmeldnirstziwguavxtoqllgqrwv]{500}
Levenstein                 : 1196614
Levenstein recurs + memo   : 88343432
Damerau-Levenshtein        : 3837414
RESULT: 442
::: Repetition: 8
word1 [oikqtcwdmbjycsndqsgkbwxbaicmfgmkzsqxmdcndstdlowqeuvxldsfryiglpehsgbjoepxrxsrseqombnihdxpmzsgkklayimiutoymvvmdvlrfnpzhnjcuznyasvncmjjotlufoapkxfdriszkrzgaanszgldakiyillblljgtrlkkjvwfitmbqrqwvwpkdijurzoqoilmxcgdwueufopwtvysaqfbxsyvqtdjmbhsjlrbjyisprengjfhycyusctncyoycnspfijvcvyeruitpedynjhosqhazqpcyqvoxbcdpzswxtlyguhkbjwzbfrrlxkucxajoeghsfmtitrfzytlekomwtjeqnljzmquwnldwyrxfnhoypxqxlabronqvckqyzeicabrvefmjvyqkjdrixwrqvjdmqbdvbtjfmfidhisrqfnlwtructapxxxqgbopufyhjgbesdleflqfkfyskgjmgsegncicjeipcclute]{500} word2 [pzgklkmpvhqipiwskzgwxlrtraikzuqnqkjbppvcgwrqbvyptsdqzevortlekykpiwzzzovnvkmmyssothkblmgnuvclwmqulezysggsurludylbatxthoxrmjdkasqsnqpovkmvfguddqlzzfnjmqilvgcojscqydxuzgsrgggsvpkmocjeukhapudkcdvgfsssjsjhnliucppqejqbdtspwssmhjzikmxevhhreebkiryfdkrkudbhwltevkqemeasqjyavjditpyfvauwvcclwspvmqjvtncmekfrlakyqvslhvpqgyvmjgdgntriwsyuoobnecsbpigydjagcfzsvrymxymubtomipskdooaoyaymsspclufjeukbaktifxqrjocwyqefusxrkwciqyzxojymdmqlpzqztdbscgmjdbhimbzyboysmnzqvmqvykujvkelcueggiyfaxthaofmdxwlibltrsmlbslildzuorpatgl]{500}
Levenstein                 : 1160853
Levenstein recurs + memo   : 64489960
Damerau-Levenshtein        : 2253902
RESULT: 442
::: Repetition: 9
word1 [fgeawvhufmztpnhmfkouwuirbsrzvqlmwsmaqxwdomiwgutciyollxfzzrqkranwihsmyoltfowcmdzifrahzlkmeotipmzxdynkgtiqoodyqjnvsipfupwsoqkaxiwkgymhoiyvnednbjrvkdyleawlgsxzenflrvbeekxqyisdppwlyktoekhcimikauouvzxcxivoivzzzaxmowpynymlullcqfvhanieaixifdruvpbtijgrczwiasxdbvxwsbgqgvjidvunegkbixcadzuxgdckbrttemexnyksixtbxmhavjgyozxmqlhvzrublawfdnuftfopoeozovydymcmclcaoobslllgmtejbjusqieazxbtsecpeemrirsainvymbskcrxorlrdzqzksykvgqxmzbhgxyqrdpjerbwczegcasqsghdeqreisjbleusuuywlshpfngwqspifrzygumuvkltzbbtjtpapbamvetshcola]{500} word2 [qdrjrjpqtjyznwldnpilnjbjqvnxittjvynargzyhomxfasjxyvhozslscmkgcfjdeobmeqvvhyxhzdnrbesfxpnvfcmzltormnexjakqrcxdpomuzqlyvyvdiqswnkkdfgcflhjauekgrwscyehtfpvhtxdhimtryukcodnmxzuwijtlndspjmaxdqpeenrggqgmmhahxnxvohtdvsqlktohxmjoecadfjzzgcunaavigxoyylzzzaebqpqggdzwdubwpuqdhtoqphtcnldtxcnjboucgzpajgcihggjvtnnwcylncwignityvewbpglighncdkhjncnpbgrqzeugssughrkdhesthwbkrvffglzacgwzadotffzgmjjmjqafqstdnetxkanhhntbsysabmimxmkdzqdokwuubpbcjrsrokcuxlsjguyoxineoxwzamefhsekqaswltkjxazkjyqprnuxtmxyiahgvbrbdbdawxvtbc]{500}
Levenstein                 : 1125494
Levenstein recurs + memo   : 89082196
Damerau-Levenshtein        : 3331333
RESULT: 446
::: Repetition: 10
word1 [yjcwpapyutygkcvrpfilsmumgosjqajpmglyuhdygzbyedhqupayqhavpouxmffynkuhmoirdeklcveeolcczhslymfkmdxplwhnevvrsjhryuobkckciwmncrcuwifapdcpycqvyvribemjyybsjzqlcpbhwuupkomkkwnlndcepthpnmhymyxnlhywcdivymzshvqmcmqxiolumiszcorbrdpemndsuwtllozvdpnexpwjwhaqvpnxxekbnemozkspuuncbdbnalfuhijlxkwpoqixdqihwdqrmdkrnihvnsyhfgdybloiusbhejdybdvucplxyjfsxryrhmsczsucovkbxznvgxccuuvpaepqkmoxpvhnjxosmowoocqrnxhwyujprmvikaklhyawksmtbquuwelkfygajhfivhtcejjnfsxiutihyxwjhrdxyahefzcetkyzezrekehbhqeqwxhovbsdwgyniamkvkyjgcsnhvwf]{500} word2 [qvjbmltyzryuscyvfstvtaloahfhpahohlxnazffmzufzdvrwgppcshvzgtecjsdqordolitnmuqgepzxhnqgcsxgcmshxjcyfqfxmofvdshikgbhtpbhtrsqsjapcibgqbnvsizjwoxtyqiwbfvpsiilgvpqhmulnpsgqjpkezbthgfohyoxcvexnxsvkjnqjqfgahmqkjwveqcmgnvsoekqwgllocouiryansznihmgmorogatxsptrrhwaodourbtrhesmwmxfeuvmoreikwybewzfbuvdlbaezfpdyhnrskenchgslduhrkxnkclfccdvwohzeywkldrfiseunlaqocvlapxaouutjlgcouqvvnwksufgrwzzarwpmbtejuixdqquahcptyxwaghjnakhsudwtebvvjwxpdhaxpocdazyocxgmigdkbsrsqgymcmiefrsscxzwbysijytwbgwnthuovfwguqvygjsdyqgdxbqenw]{500}
Levenstein                 : 1146893
Levenstein recurs + memo   : 92199064
Damerau-Levenshtein        : 3456034
RESULT: 440
]]></system-out>
  <system-err><![CDATA[]]></system-err>
</testsuite>
